#
# There is insufficient memory for the Java Runtime Environment to continue.
# Native memory allocation (malloc) failed to allocate 1079056 bytes for Chunk::new
# Possible reasons:
#   The system is out of physical RAM or swap space
#   The process is running with CompressedOops enabled, and the Java Heap may be blocking the growth of the native heap
# Possible solutions:
#   Reduce memory load on the system
#   Increase physical memory or swap space
#   Check if swap backing store is full
#   Decrease Java heap size (-Xmx/-Xms)
#   Decrease number of Java threads
#   Decrease Java thread stack sizes (-Xss)
#   Set larger code cache with -XX:ReservedCodeCacheSize=
#   JVM is running with Unscaled Compressed Oops mode in which the Java heap is
#     placed in the first 4GB address space. The Java Heap base address is the
#     maximum limit for the native heap growth. Please use -XX:HeapBaseMinAddress
#     to set the Java Heap base and to place the Java Heap above 4GB virtual address.
# This output file may be truncated or incomplete.
#
#  Out of Memory Error (allocation.cpp:389), pid=3764, tid=0x0000000000001f64
#
# JRE version: OpenJDK Runtime Environment (8.0_242-b01) (build 1.8.0_242-release-1644-b01)
# Java VM: OpenJDK 64-Bit Server VM (25.242-b01 mixed mode windows-amd64 compressed oops)
# Failed to write core dump. Minidumps are not enabled by default on client versions of Windows
#

---------------  T H R E A D  ---------------

Current thread (0x000000001741e800):  JavaThread "C2 CompilerThread1" daemon [_thread_in_native, id=8036, stack(0x0000000018e30000,0x0000000018f30000)]

Stack: [0x0000000018e30000,0x0000000018f30000]
[error occurred during error reporting (printing stack bounds), id 0xc0000005]

Native frames: (J=compiled Java code, j=interpreted, Vv=VM code, C=native code)


Current CompileTask:
C2:3782461 17926       4       com.android.tools.r8.u.b.Q0::a (376 bytes)


---------------  P R O C E S S  ---------------

Java Threads: ( => current thread )
  0x0000000019a18000 JavaThread "Cache worker for Java compile cache (C:\Users\user\AndroidStudioProjects\MyApplication\.gradle\6.1.1\javaCompile)" [_thread_blocked, id=1652, stack(0x0000000026ae0000,0x0000000026be0000)]
  0x0000000019a0b000 JavaThread "Cache worker for Java compile cache (C:\Users\user\.gradle\caches\6.1.1\javaCompile)" [_thread_blocked, id=8348, stack(0x00000000259b0000,0x0000000025ab0000)]
  0x0000000019a15800 JavaThread "WorkerExecutor Queue Thread 5" [_thread_blocked, id=3940, stack(0x00000000264b0000,0x00000000265b0000)]
  0x0000000019a17800 JavaThread "stdout" [_thread_in_native, id=7872, stack(0x00000000267e0000,0x00000000268e0000)]
  0x0000000019a0f800 JavaThread "stderr" [_thread_in_native, id=7880, stack(0x00000000266e0000,0x00000000267e0000)]
  0x0000000019a16800 JavaThread "stdout" [_thread_in_native, id=1044, stack(0x00000000265e0000,0x00000000266e0000)]
  0x0000000019a15000 JavaThread "stderr" [_thread_in_native, id=2432, stack(0x00000000261b0000,0x00000000262b0000)]
  0x0000000019a14000 JavaThread "stdout" [_thread_in_native, id=5532, stack(0x00000000260b0000,0x00000000261b0000)]
  0x0000000019a13800 JavaThread "stderr" [_thread_in_native, id=9444, stack(0x0000000025fb0000,0x00000000260b0000)]
  0x0000000019a12800 JavaThread "WorkerExecutor Queue Thread 4" [_thread_blocked, id=6996, stack(0x0000000025db0000,0x0000000025eb0000)]
  0x0000000019a0f000 JavaThread "WorkerExecutor Queue Thread 3" [_thread_blocked, id=7156, stack(0x0000000025cb0000,0x0000000025db0000)]
  0x0000000019a12000 JavaThread "pool-7-thread-1" [_thread_blocked, id=6684, stack(0x0000000025bb0000,0x0000000025cb0000)]
  0x0000000019a0a800 JavaThread "WorkerExecutor Queue Thread 2" [_thread_blocked, id=5656, stack(0x0000000025ab0000,0x0000000025bb0000)]
  0x0000000019a0c000 JavaThread "Cache worker for execution history cache (C:\Users\user\AndroidStudioProjects\MyApplication\.gradle\6.1.1\executionHistory)" [_thread_blocked, id=1348, stack(0x00000000256b0000,0x00000000257b0000)]
  0x0000000019a10800 JavaThread "Execution worker for ':' Thread 3" [_thread_in_Java, id=264, stack(0x00000000255b0000,0x00000000256b0000)]
  0x000000001ae4c000 JavaThread "Execution worker for ':' Thread 2" [_thread_in_Java, id=9492, stack(0x00000000254b0000,0x00000000255b0000)]
  0x000000001ae51800 JavaThread "Execution worker for ':'" [_thread_in_Java, id=2300, stack(0x00000000253b0000,0x00000000254b0000)]
  0x000000001ae50800 JavaThread "Cache worker for file content cache (C:\Users\user\AndroidStudioProjects\MyApplication\.gradle\6.1.1\fileContent)" [_thread_blocked, id=6160, stack(0x00000000252b0000,0x00000000253b0000)]
  0x000000001ae50000 JavaThread "Cache worker for file content cache (C:\Users\user\.gradle\caches\6.1.1\fileContent)" [_thread_blocked, id=4172, stack(0x00000000251b0000,0x00000000252b0000)]
  0x0000000021773800 JavaThread "Memory manager" [_thread_blocked, id=9368, stack(0x00000000250b0000,0x00000000251b0000)]
  0x0000000021773000 JavaThread "Cache worker for Build Output Cleanup Cache (C:\Users\user\AndroidStudioProjects\MyApplication\.gradle\buildOutputCleanup)" [_thread_blocked, id=5460, stack(0x00000000249b0000,0x0000000024ab0000)]
  0x0000000021775000 JavaThread "Build operations Thread 4" [_thread_blocked, id=3324, stack(0x00000000232b0000,0x00000000233b0000)]
  0x0000000021771800 JavaThread "Build operations Thread 3" [_thread_blocked, id=3352, stack(0x0000000022bb0000,0x0000000022cb0000)]
  0x0000000021776000 JavaThread "Build operations Thread 2" [_thread_blocked, id=7568, stack(0x0000000022ab0000,0x0000000022bb0000)]
  0x0000000021776800 JavaThread "Build operations" [_thread_blocked, id=3160, stack(0x0000000021570000,0x0000000021670000)]
  0x0000000021774800 JavaThread "Cache worker for cache directory md-rule (C:\Users\user\.gradle\caches\6.1.1\md-rule)" [_thread_blocked, id=5996, stack(0x0000000021250000,0x0000000021350000)]
  0x000000002176a000 JavaThread "Cache worker for cache directory md-supplier (C:\Users\user\.gradle\caches\6.1.1\md-supplier)" [_thread_blocked, id=8056, stack(0x000000001e650000,0x000000001e750000)]
  0x0000000021770800 JavaThread "Cache worker for file hash cache (C:\Users\user\AndroidStudioProjects\MyApplication\.gradle\6.1.1\fileHashes)" [_thread_blocked, id=2644, stack(0x000000001e550000,0x000000001e650000)]
  0x0000000021769000 JavaThread "Cache worker for checksums cache (C:\Users\user\AndroidStudioProjects\MyApplication\.gradle\checksums)" [_thread_blocked, id=3576, stack(0x000000001e050000,0x000000001e150000)]
  0x0000000021770000 JavaThread "Thread-28" [_thread_blocked, id=7052, stack(0x000000001df50000,0x000000001e050000)]
  0x000000002176f000 JavaThread "Stdin handler" [_thread_blocked, id=10212, stack(0x000000001c780000,0x000000001c880000)]
  0x000000002176d000 JavaThread "Asynchronous log dispatcher for DefaultDaemonConnection: socket connection from /127.0.0.1:62194 to /127.0.0.1:64118" [_thread_blocked, id=9832, stack(0x000000001c480000,0x000000001c580000)]
  0x000000002176d800 JavaThread "Daemon worker Thread 2" [_thread_in_Java, id=1532, stack(0x000000001c380000,0x000000001c480000)]
  0x0000000021768800 JavaThread "Cancel handler" [_thread_blocked, id=1596, stack(0x000000001c080000,0x000000001c180000)]
  0x000000002176c000 JavaThread "Handler for socket connection from /127.0.0.1:62194 to /127.0.0.1:64118" [_thread_in_native, id=3232, stack(0x000000001bf80000,0x000000001c080000)]
  0x000000002176e800 JavaThread "Daemon Thread 2" [_thread_blocked, id=8556, stack(0x00000000004d0000,0x00000000005d0000)]
  0x000000001ae4e800 JavaThread "Cache worker for execution history cache (C:\Users\user\.gradle\caches\6.1.1\executionHistory)" [_thread_blocked, id=5132, stack(0x000000001e750000,0x000000001e850000)]
  0x000000001ae4b800 JavaThread "Cache worker for file hash cache (C:\Users\user\.gradle\caches\6.1.1\fileHashes)" [_thread_blocked, id=7404, stack(0x000000001cc80000,0x000000001cd80000)]
  0x000000001ae4f000 JavaThread "File lock request listener" [_thread_in_native, id=8168, stack(0x000000001cb80000,0x000000001cc80000)]
  0x0000000019ae9000 JavaThread "Cache worker for journal cache (C:\Users\user\.gradle\caches\journal-1)" [_thread_blocked, id=7544, stack(0x000000001ca80000,0x000000001cb80000)]
  0x000000001acbf800 JavaThread "Daemon periodic checks" [_thread_blocked, id=3260, stack(0x000000001be80000,0x000000001bf80000)]
  0x000000001a87d000 JavaThread "Incoming local TCP Connector on port 62194" [_thread_in_native, id=3264, stack(0x000000001bcd0000,0x000000001bdd0000)]
  0x000000001acd5000 JavaThread "Daemon health stats" [_thread_blocked, id=8052, stack(0x000000001bbd0000,0x000000001bcd0000)]
  0x00000000187bd800 JavaThread "Service Thread" daemon [_thread_blocked, id=1224, stack(0x0000000019030000,0x0000000019130000)]
  0x0000000018740000 JavaThread "C1 CompilerThread2" daemon [_thread_blocked, id=3100, stack(0x0000000018f30000,0x0000000019030000)]
=>0x000000001741e800 JavaThread "C2 CompilerThread1" daemon [_thread_in_native, id=8036, stack(0x0000000018e30000,0x0000000018f30000)]
  0x0000000017419000 JavaThread "C2 CompilerThread0" daemon [_thread_in_native, id=2936, stack(0x0000000018d30000,0x0000000018e30000)]
  0x00000000173cd800 JavaThread "Attach Listener" daemon [_thread_blocked, id=5872, stack(0x0000000018c30000,0x0000000018d30000)]
  0x0000000018738800 JavaThread "Signal Dispatcher" daemon [_thread_blocked, id=2928, stack(0x0000000018b30000,0x0000000018c30000)]
  0x000000000279b000 JavaThread "Finalizer" daemon [_thread_blocked, id=1288, stack(0x0000000018630000,0x0000000018730000)]
  0x00000000173a9000 JavaThread "Reference Handler" daemon [_thread_blocked, id=5308, stack(0x0000000018530000,0x0000000018630000)]
  0x000000000269d800 JavaThread "main" [_thread_blocked, id=4220, stack(0x0000000002580000,0x0000000002680000)]

Other Threads:
  0x0000000017386000 VMThread [stack: 0x0000000018430000,0x0000000018530000] [id=6868]
  0x00000000187c0000 WatcherThread [stack: 0x0000000019130000,0x0000000019230000] [id=4268]

VM state:not at safepoint (normal execution)

VM Mutex/Monitor currently owned by a thread: None

heap address: 0x0000000080000000, size: 2048 MB, Compressed Oops mode: 32-bit
Narrow klass base: 0x0000000000000000, Narrow klass shift: 3
Compressed class space size: 1073741824 Address: 0x0000000100000000

Heap:
 PSYoungGen      total 199168K, used 152722K [0x00000000d5580000, 0x00000000e3d80000, 0x0000000100000000)
  eden space 164864K, 86% used [0x00000000d5580000,0x00000000de0867f0,0x00000000df680000)
  from space 34304K, 30% used [0x00000000df680000,0x00000000e009e298,0x00000000e1800000)
  to   space 33792K, 0% used [0x00000000e1800000,0x00000000e1800000,0x00000000e3900000)
 ParOldGen       total 192512K, used 72300K [0x0000000080000000, 0x000000008bc00000, 0x00000000d5580000)
  object space 192512K, 37% used [0x0000000080000000,0x000000008469b0f0,0x000000008bc00000)
 Metaspace       used 104553K, capacity 109192K, committed 109360K, reserved 1144832K
  class space    used 13609K, capacity 14494K, committed 14640K, reserved 1048576K

Card table byte_map: [0x0000000011b60000,0x0000000011f70000] byte_map_base: 0x0000000011760000

Marking Bits: (ParMarkBitMap*) 0x0000000067f5f030
 Begin Bits: [0x0000000012620000, 0x0000000014620000)
 End Bits:   [0x0000000014620000, 0x0000000016620000)

Polling page: 0x0000000000990000

CodeCache: size=245760Kb used=52488Kb max_used=52488Kb free=193272Kb
 bounds [0x00000000027a0000, 0x0000000005b20000, 0x00000000117a0000]
 total_blobs=16409 nmethods=15467 adapters=851
 compilation: enabled

Compilation events (10 events):
Event: 3782.417 Thread 0x0000000018740000 nmethod 18086 0x0000000005b0f990 code [0x0000000005b0fb80, 0x0000000005b10278]
Event: 3782.417 Thread 0x0000000018740000 18087       1       com.android.tools.r8.u.b.a1::H2 (5 bytes)
Event: 3782.417 Thread 0x0000000018740000 nmethod 18087 0x0000000005b10710 code [0x0000000005b10860, 0x0000000005b10970]
Event: 3782.421 Thread 0x0000000018740000 18088       3       com.android.tools.r8.s.a.a.b.B::b (32 bytes)
Event: 3782.421 Thread 0x0000000018740000 nmethod 18088 0x0000000005b109d0 code [0x0000000005b10b60, 0x0000000005b10ff0]
Event: 3782.423 Thread 0x0000000018740000 18089 %     3       java.util.IdentityHashMap::remove @ 22 (102 bytes)
Event: 3782.423 Thread 0x0000000018740000 nmethod 18089% 0x0000000005b11290 code [0x0000000005b11460, 0x0000000005b11c98]
Event: 3782.423 Thread 0x0000000018740000 18090       3       java.util.IdentityHashMap::remove (102 bytes)
Event: 3782.424 Thread 0x0000000018740000 nmethod 18090 0x0000000005b12090 code [0x0000000005b12260, 0x0000000005b129f8]
Event: 3782.424 Thread 0x0000000018740000 18091       2       com.android.tools.r8.u.b.j::a (21 bytes)

GC Heap History (10 events):
Event: 3780.880 GC heap before
{Heap before GC invocations=33 (full 4):
 PSYoungGen      total 198656K, used 169232K [0x00000000d5580000, 0x00000000e3d80000, 0x0000000100000000)
  eden space 164864K, 100% used [0x00000000d5580000,0x00000000df680000,0x00000000df680000)
  from space 33792K, 12% used [0x00000000e1800000,0x00000000e1c44020,0x00000000e3900000)
  to   space 34304K, 0% used [0x00000000df680000,0x00000000df680000,0x00000000e1800000)
 ParOldGen       total 192512K, used 64476K [0x0000000080000000, 0x000000008bc00000, 0x00000000d5580000)
  object space 192512K, 33% used [0x0000000080000000,0x0000000083ef70d0,0x000000008bc00000)
 Metaspace       used 104118K, capacity 108678K, committed 108976K, reserved 1144832K
  class space    used 13597K, capacity 14459K, committed 14512K, reserved 1048576K
Event: 3780.891 GC heap after
Heap after GC invocations=33 (full 4):
 PSYoungGen      total 199168K, used 2619K [0x00000000d5580000, 0x00000000e3d80000, 0x0000000100000000)
  eden space 164864K, 0% used [0x00000000d5580000,0x00000000d5580000,0x00000000df680000)
  from space 34304K, 7% used [0x00000000df680000,0x00000000df90ec50,0x00000000e1800000)
  to   space 33792K, 0% used [0x00000000e1800000,0x00000000e1800000,0x00000000e3900000)
 ParOldGen       total 192512K, used 68116K [0x0000000080000000, 0x000000008bc00000, 0x00000000d5580000)
  object space 192512K, 35% used [0x0000000080000000,0x0000000084285120,0x000000008bc00000)
 Metaspace       used 104118K, capacity 108678K, committed 108976K, reserved 1144832K
  class space    used 13597K, capacity 14459K, committed 14512K, reserved 1048576K
}
Event: 3781.259 GC heap before
{Heap before GC invocations=34 (full 4):
 PSYoungGen      total 199168K, used 167483K [0x00000000d5580000, 0x00000000e3d80000, 0x0000000100000000)
  eden space 164864K, 100% used [0x00000000d5580000,0x00000000df680000,0x00000000df680000)
  from space 34304K, 7% used [0x00000000df680000,0x00000000df90ec50,0x00000000e1800000)
  to   space 33792K, 0% used [0x00000000e1800000,0x00000000e1800000,0x00000000e3900000)
 ParOldGen       total 192512K, used 68116K [0x0000000080000000, 0x000000008bc00000, 0x00000000d5580000)
  object space 192512K, 35% used [0x0000000080000000,0x0000000084285120,0x000000008bc00000)
 Metaspace       used 104247K, capacity 108762K, committed 108976K, reserved 1144832K
  class space    used 13602K, capacity 14459K, committed 14512K, reserved 1048576K
Event: 3781.267 GC heap after
Heap after GC invocations=34 (full 4):
 PSYoungGen      total 198656K, used 3084K [0x00000000d5580000, 0x00000000e3d80000, 0x0000000100000000)
  eden space 164864K, 0% used [0x00000000d5580000,0x00000000d5580000,0x00000000df680000)
  from space 33792K, 9% used [0x00000000e1800000,0x00000000e1b03390,0x00000000e3900000)
  to   space 34304K, 0% used [0x00000000df680000,0x00000000df680000,0x00000000e1800000)
 ParOldGen       total 192512K, used 69444K [0x0000000080000000, 0x000000008bc00000, 0x00000000d5580000)
  object space 192512K, 36% used [0x0000000080000000,0x00000000843d11a8,0x000000008bc00000)
 Metaspace       used 104247K, capacity 108762K, committed 108976K, reserved 1144832K
  class space    used 13602K, capacity 14459K, committed 14512K, reserved 1048576K
}
Event: 3781.594 GC heap before
{Heap before GC invocations=35 (full 4):
 PSYoungGen      total 198656K, used 167948K [0x00000000d5580000, 0x00000000e3d80000, 0x0000000100000000)
  eden space 164864K, 100% used [0x00000000d5580000,0x00000000df680000,0x00000000df680000)
  from space 33792K, 9% used [0x00000000e1800000,0x00000000e1b03390,0x00000000e3900000)
  to   space 34304K, 0% used [0x00000000df680000,0x00000000df680000,0x00000000e1800000)
 ParOldGen       total 192512K, used 69444K [0x0000000080000000, 0x000000008bc00000, 0x00000000d5580000)
  object space 192512K, 36% used [0x0000000080000000,0x00000000843d11a8,0x000000008bc00000)
 Metaspace       used 104327K, capacity 108876K, committed 109104K, reserved 1144832K
  class space    used 13604K, capacity 14492K, committed 14640K, reserved 1048576K
Event: 3781.599 GC heap after
Heap after GC invocations=35 (full 4):
 PSYoungGen      total 199168K, used 1416K [0x00000000d5580000, 0x00000000e3d80000, 0x0000000100000000)
  eden space 164864K, 0% used [0x00000000d5580000,0x00000000d5580000,0x00000000df680000)
  from space 34304K, 4% used [0x00000000df680000,0x00000000df7e2010,0x00000000e1800000)
  to   space 33792K, 0% used [0x00000000e1800000,0x00000000e1800000,0x00000000e3900000)
 ParOldGen       total 192512K, used 70752K [0x0000000080000000, 0x000000008bc00000, 0x00000000d5580000)
  object space 192512K, 36% used [0x0000000080000000,0x00000000845182b8,0x000000008bc00000)
 Metaspace       used 104327K, capacity 108876K, committed 109104K, reserved 1144832K
  class space    used 13604K, capacity 14492K, committed 14640K, reserved 1048576K
}
Event: 3781.962 GC heap before
{Heap before GC invocations=36 (full 4):
 PSYoungGen      total 199168K, used 166280K [0x00000000d5580000, 0x00000000e3d80000, 0x0000000100000000)
  eden space 164864K, 100% used [0x00000000d5580000,0x00000000df680000,0x00000000df680000)
  from space 34304K, 4% used [0x00000000df680000,0x00000000df7e2010,0x00000000e1800000)
  to   space 33792K, 0% used [0x00000000e1800000,0x00000000e1800000,0x00000000e3900000)
 ParOldGen       total 192512K, used 70752K [0x0000000080000000, 0x000000008bc00000, 0x00000000d5580000)
  object space 192512K, 36% used [0x0000000080000000,0x00000000845182b8,0x000000008bc00000)
 Metaspace       used 104470K, capacity 109096K, committed 109360K, reserved 1144832K
  class space    used 13606K, capacity 14492K, committed 14640K, reserved 1048576K
Event: 3781.970 GC heap after
Heap after GC invocations=36 (full 4):
 PSYoungGen      total 198656K, used 1680K [0x00000000d5580000, 0x00000000e3d80000, 0x0000000100000000)
  eden space 164864K, 0% used [0x00000000d5580000,0x00000000d5580000,0x00000000df680000)
  from space 33792K, 4% used [0x00000000e1800000,0x00000000e19a42a8,0x00000000e3900000)
  to   space 34304K, 0% used [0x00000000df680000,0x00000000df680000,0x00000000e1800000)
 ParOldGen       total 192512K, used 71524K [0x0000000080000000, 0x000000008bc00000, 0x00000000d5580000)
  object space 192512K, 37% used [0x0000000080000000,0x00000000845d92b8,0x000000008bc00000)
 Metaspace       used 104470K, capacity 109096K, committed 109360K, reserved 1144832K
  class space    used 13606K, capacity 14492K, committed 14640K, reserved 1048576K
}
Event: 3782.254 GC heap before
{Heap before GC invocations=37 (full 4):
 PSYoungGen      total 198656K, used 166544K [0x00000000d5580000, 0x00000000e3d80000, 0x0000000100000000)
  eden space 164864K, 100% used [0x00000000d5580000,0x00000000df680000,0x00000000df680000)
  from space 33792K, 4% used [0x00000000e1800000,0x00000000e19a42a8,0x00000000e3900000)
  to   space 34304K, 0% used [0x00000000df680000,0x00000000df680000,0x00000000e1800000)
 ParOldGen       total 192512K, used 71524K [0x0000000080000000, 0x000000008bc00000, 0x00000000d5580000)
  object space 192512K, 37% used [0x0000000080000000,0x00000000845d92b8,0x000000008bc00000)
 Metaspace       used 104528K, capacity 109176K, committed 109360K, reserved 1144832K
  class space    used 13608K, capacity 14492K, committed 14640K, reserved 1048576K
Event: 3782.266 GC heap after
Heap after GC invocations=37 (full 4):
 PSYoungGen      total 199168K, used 10360K [0x00000000d5580000, 0x00000000e3d80000, 0x0000000100000000)
  eden space 164864K, 0% used [0x00000000d5580000,0x00000000d5580000,0x00000000df680000)
  from space 34304K, 30% used [0x00000000df680000,0x00000000e009e298,0x00000000e1800000)
  to   space 33792K, 0% used [0x00000000e1800000,0x00000000e1800000,0x00000000e3900000)
 ParOldGen       total 192512K, used 72300K [0x0000000080000000, 0x000000008bc00000, 0x00000000d5580000)
  object space 192512K, 37% used [0x0000000080000000,0x000000008469b0f0,0x000000008bc00000)
 Metaspace       used 104528K, capacity 109176K, committed 109360K, reserved 1144832K
  class space    used 13608K, capacity 14492K, committed 14640K, reserved 1048576K
}

Deoptimization events (10 events):
Event: 3781.993 Thread 0x0000000019a10800 Uncommon trap: reason=bimorphic action=maybe_recompile pc=0x0000000004d6b100 method=com.android.tools.r8.u.b.p1.a(Lcom/android/tools/r8/ir/analysis/type/u;)Lcom/android/tools/r8/u/b/p1; @ 29
Event: 3781.993 Thread 0x0000000019a10800 Uncommon trap: reason=bimorphic action=maybe_recompile pc=0x0000000004d6b100 method=com.android.tools.r8.u.b.p1.a(Lcom/android/tools/r8/ir/analysis/type/u;)Lcom/android/tools/r8/u/b/p1; @ 29
Event: 3781.993 Thread 0x0000000019a10800 Uncommon trap: reason=bimorphic action=maybe_recompile pc=0x0000000004d6b100 method=com.android.tools.r8.u.b.p1.a(Lcom/android/tools/r8/ir/analysis/type/u;)Lcom/android/tools/r8/u/b/p1; @ 29
Event: 3781.993 Thread 0x0000000019a10800 Uncommon trap: reason=bimorphic action=maybe_recompile pc=0x0000000004d6b100 method=com.android.tools.r8.u.b.p1.a(Lcom/android/tools/r8/ir/analysis/type/u;)Lcom/android/tools/r8/u/b/p1; @ 29
Event: 3781.995 Thread 0x0000000019a10800 Uncommon trap: reason=unstable_if action=reinterpret pc=0x0000000002ea9fac method=com.android.tools.r8.u.b.o1.b()Z @ 11
Event: 3782.105 Thread 0x000000002176d800 Uncommon trap: reason=unstable_if action=reinterpret pc=0x0000000004f616e8 method=com.android.tools.r8.B.a.a.f.a(II[C)Ljava/lang/String; @ 32
Event: 3782.105 Thread 0x000000002176d800 Uncommon trap: reason=unstable_if action=reinterpret pc=0x0000000004f6f630 method=com.android.tools.r8.graph.e0.a(C)I @ 7
Event: 3782.105 Thread 0x000000002176d800 Uncommon trap: reason=unstable_if action=reinterpret pc=0x0000000004e6bb80 method=com.android.tools.r8.graph.e0.a(C[BI)I @ 7
Event: 3782.113 Thread 0x000000002176d800 Uncommon trap: reason=unstable_if action=reinterpret pc=0x0000000004f11bec method=com.android.tools.r8.B.a.a.f.a(II[C)Ljava/lang/String; @ 32
Event: 3782.113 Thread 0x000000002176d800 Uncommon trap: reason=unstable_if action=reinterpret pc=0x0000000004e99930 method=com.android.tools.r8.graph.e0.a(C)I @ 7

Classes redefined (0 events):
No events

Internal exceptions (10 events):
Event: 3781.690 Thread 0x000000001ae51800 Exception <a 'sun/nio/fs/WindowsException'> (0x00000000d72a77a0) thrown at [C:\src\AOSP-openjdk-git\hotspot\src\share\vm\prims\jni.cpp, line 710]
Event: 3781.693 Thread 0x000000002176d800 Exception <a 'sun/nio/fs/WindowsException'> (0x00000000d58434a0) thrown at [C:\src\AOSP-openjdk-git\hotspot\src\share\vm\prims\jni.cpp, line 710]
Event: 3781.855 Thread 0x000000002176d800 Exception <a 'sun/nio/fs/WindowsException'> (0x00000000dcf2d698) thrown at [C:\src\AOSP-openjdk-git\hotspot\src\share\vm\prims\jni.cpp, line 710]
Event: 3781.890 Thread 0x000000001ae51800 Exception <a 'sun/nio/fs/WindowsException'> (0x00000000dda93448) thrown at [C:\src\AOSP-openjdk-git\hotspot\src\share\vm\prims\jni.cpp, line 710]
Event: 3781.916 Thread 0x000000001ae4c000 Exception <a 'sun/nio/fs/WindowsException'> (0x00000000de13e2d8) thrown at [C:\src\AOSP-openjdk-git\hotspot\src\share\vm\prims\jni.cpp, line 710]
Event: 3782.000 Thread 0x000000001ae51800 Exception <a 'sun/nio/fs/WindowsException'> (0x00000000d55b6728) thrown at [C:\src\AOSP-openjdk-git\hotspot\src\share\vm\prims\jni.cpp, line 710]
Event: 3782.046 Thread 0x000000001ae51800 Exception <a 'sun/nio/fs/WindowsException'> (0x00000000d7f2ede0) thrown at [C:\src\AOSP-openjdk-git\hotspot\src\share\vm\prims\jni.cpp, line 710]
Event: 3782.090 Thread 0x000000001ae4c000 Exception <a 'sun/nio/fs/WindowsException'> (0x00000000d96767a8) thrown at [C:\src\AOSP-openjdk-git\hotspot\src\share\vm\prims\jni.cpp, line 710]
Event: 3782.094 Thread 0x000000002176d800 Exception <a 'sun/nio/fs/WindowsException'> (0x00000000d989c458) thrown at [C:\src\AOSP-openjdk-git\hotspot\src\share\vm\prims\jni.cpp, line 710]
Event: 3782.332 Thread 0x000000001ae4c000 Exception <a 'sun/nio/fs/WindowsException'> (0x00000000d7c485c0) thrown at [C:\src\AOSP-openjdk-git\hotspot\src\share\vm\prims\jni.cpp, line 710]

Events (10 events):
Event: 3782.376 Thread 0x000000002176d800 DEOPT PACKING pc=0x000000000517b2f3 sp=0x000000001c476de0
Event: 3782.376 Thread 0x000000002176d800 DEOPT UNPACKING pc=0x00000000027e75d0 sp=0x000000001c476e98 mode 0
Event: 3782.379 Thread 0x000000001ae4c000 DEOPT PACKING pc=0x00000000048cb333 sp=0x00000000255aa6a0
Event: 3782.380 Thread 0x000000001ae4c000 DEOPT UNPACKING pc=0x00000000027e75d0 sp=0x00000000255aa568 mode 0
Event: 3782.411 Thread 0x000000001ae4c000 DEOPT PACKING pc=0x00000000048cb333 sp=0x00000000255aa300
Event: 3782.411 Thread 0x000000001ae4c000 DEOPT UNPACKING pc=0x00000000027e75d0 sp=0x00000000255aa1c8 mode 0
Event: 3782.418 Thread 0x0000000019a10800 DEOPT PACKING pc=0x00000000058d10e5 sp=0x00000000256a9bf0
Event: 3782.418 Thread 0x0000000019a10800 DEOPT UNPACKING pc=0x00000000027e75d0 sp=0x00000000256a9a10 mode 0
Event: 3782.424 Thread 0x0000000019a10800 DEOPT PACKING pc=0x000000000351475c sp=0x00000000256aa0a0
Event: 3782.424 Thread 0x0000000019a10800 DEOPT UNPACKING pc=0x00000000027e75d0 sp=0x00000000256a9dd0 mode 0


Dynamic libraries:
0x00007ff7f5ae0000 - 0x00007ff7f5b11000 	C:\Program Files\Android\Android Studio\jre\bin\java.exe
0x00007fff62950000 - 0x00007fff62b45000 	C:\WINDOWS\SYSTEM32\ntdll.dll
0x00007fff62850000 - 0x00007fff6290d000 	C:\WINDOWS\System32\KERNEL32.DLL
0x00007fff602b0000 - 0x00007fff60578000 	C:\WINDOWS\System32\KERNELBASE.dll
0x00007fff60f30000 - 0x00007fff60fdc000 	C:\WINDOWS\System32\ADVAPI32.dll
0x00007fff609c0000 - 0x00007fff60a5e000 	C:\WINDOWS\System32\msvcrt.dll
0x00007fff627b0000 - 0x00007fff6284b000 	C:\WINDOWS\System32\sechost.dll
0x00007fff62260000 - 0x00007fff6238b000 	C:\WINDOWS\System32\RPCRT4.dll
0x00007fff62610000 - 0x00007fff627b0000 	C:\WINDOWS\System32\USER32.dll
0x00007fff60140000 - 0x00007fff60162000 	C:\WINDOWS\System32\win32u.dll
0x00007fff62230000 - 0x00007fff6225a000 	C:\WINDOWS\System32\GDI32.dll
0x00007fff60170000 - 0x00007fff6027b000 	C:\WINDOWS\System32\gdi32full.dll
0x00007fff605d0000 - 0x00007fff6066d000 	C:\WINDOWS\System32\msvcp_win.dll
0x00007fff608b0000 - 0x00007fff609b0000 	C:\WINDOWS\System32\ucrtbase.dll
0x00007fff4dc60000 - 0x00007fff4defa000 	C:\WINDOWS\WinSxS\amd64_microsoft.windows.common-controls_6595b64144ccf1df_6.0.19041.844_none_ca00b6081b84eb1d\COMCTL32.dll
0x00007fff60b20000 - 0x00007fff60b50000 	C:\WINDOWS\System32\IMM32.DLL
0x00000000675b0000 - 0x0000000067682000 	C:\Program Files\Android\Android Studio\jre\jre\bin\msvcr100.dll
0x0000000067790000 - 0x0000000067fdb000 	C:\Program Files\Android\Android Studio\jre\jre\bin\server\jvm.dll
0x00007fff62390000 - 0x00007fff62398000 	C:\WINDOWS\System32\PSAPI.DLL
0x00007fff564c0000 - 0x00007fff564ca000 	C:\WINDOWS\SYSTEM32\VERSION.dll
0x00007fff47900000 - 0x00007fff47927000 	C:\WINDOWS\SYSTEM32\WINMM.dll
0x00007fff56690000 - 0x00007fff56699000 	C:\WINDOWS\SYSTEM32\WSOCK32.dll
0x00007fff60d80000 - 0x00007fff60deb000 	C:\WINDOWS\System32\WS2_32.dll
0x00007fff56500000 - 0x00007fff5650f000 	C:\Program Files\Android\Android Studio\jre\jre\bin\verify.dll
0x00007fff4bd20000 - 0x00007fff4bd49000 	C:\Program Files\Android\Android Studio\jre\jre\bin\java.dll
0x00007fff4bc00000 - 0x00007fff4bc16000 	C:\Program Files\Android\Android Studio\jre\jre\bin\zip.dll
0x00007fff61870000 - 0x00007fff61fb2000 	C:\WINDOWS\System32\SHELL32.dll
0x00007fff5e1e0000 - 0x00007fff5e970000 	C:\WINDOWS\SYSTEM32\windows.storage.dll
0x00007fff61510000 - 0x00007fff61865000 	C:\WINDOWS\System32\combase.dll
0x00007fff5fa90000 - 0x00007fff5fabc000 	C:\WINDOWS\SYSTEM32\Wldp.dll
0x00007fff624d0000 - 0x00007fff6257e000 	C:\WINDOWS\System32\SHCORE.dll
0x00007fff61fc0000 - 0x00007fff62015000 	C:\WINDOWS\System32\shlwapi.dll
0x00007fff5ffd0000 - 0x00007fff5ffef000 	C:\WINDOWS\SYSTEM32\profapi.dll
0x00007fff4b8d0000 - 0x00007fff4b8ea000 	C:\Program Files\Android\Android Studio\jre\jre\bin\net.dll
0x00007fff5f7a0000 - 0x00007fff5f80a000 	C:\WINDOWS\system32\mswsock.dll
0x00007fff4b1d0000 - 0x00007fff4b1e3000 	C:\Program Files\Android\Android Studio\jre\jre\bin\nio.dll
0x00007fff4cee0000 - 0x00007fff4cf06000 	C:\Users\user\.gradle\native\31\windows-amd64\native-platform.dll
0x00007fff4ed20000 - 0x00007fff4ed2d000 	C:\Program Files\Android\Android Studio\jre\jre\bin\management.dll
0x00007fff5f970000 - 0x00007fff5f988000 	C:\WINDOWS\SYSTEM32\CRYPTSP.dll
0x00007fff5f140000 - 0x00007fff5f174000 	C:\WINDOWS\system32\rsaenh.dll
0x00007fff60280000 - 0x00007fff602a7000 	C:\WINDOWS\System32\bcrypt.dll
0x00007fff5ff90000 - 0x00007fff5ffbe000 	C:\WINDOWS\SYSTEM32\USERENV.dll
0x00007fff606d0000 - 0x00007fff60750000 	C:\WINDOWS\System32\bcryptprimitives.dll
0x00007fff5f990000 - 0x00007fff5f99c000 	C:\WINDOWS\SYSTEM32\CRYPTBASE.dll
0x00007fff5f490000 - 0x00007fff5f4cb000 	C:\WINDOWS\SYSTEM32\IPHLPAPI.DLL
0x00007fff609b0000 - 0x00007fff609b8000 	C:\WINDOWS\System32\NSI.dll
0x00007fff56b10000 - 0x00007fff56b27000 	C:\WINDOWS\SYSTEM32\dhcpcsvc6.DLL
0x00007fff56af0000 - 0x00007fff56b0d000 	C:\WINDOWS\SYSTEM32\dhcpcsvc.DLL
0x00007fff5f4d0000 - 0x00007fff5f59c000 	C:\WINDOWS\SYSTEM32\DNSAPI.dll
0x00007fff4b2f0000 - 0x00007fff4b314000 	C:\Program Files\Android\Android Studio\jre\jre\bin\sunec.dll
0x00007fff564f0000 - 0x00007fff564fa000 	C:\Windows\System32\rasadhlp.dll
0x00007fff543d0000 - 0x00007fff5444f000 	C:\WINDOWS\System32\fwpuclnt.dll
0x00007fff56b60000 - 0x00007fff56b6b000 	C:\Program Files\Android\Android Studio\jre\jre\bin\sunmscapi.dll
0x00007fff60750000 - 0x00007fff608af000 	C:\WINDOWS\System32\CRYPT32.dll
0x00007fff5d870000 - 0x00007fff5d900000 	C:\WINDOWS\system32\apphelp.dll

VM Arguments:
jvm_args: -Xmx2048m -Dfile.encoding=x-windows-950 -Duser.country=TW -Duser.language=zh -Duser.variant 
java_command: org.gradle.launcher.daemon.bootstrap.GradleDaemon 6.1.1
java_class_path (initial): C:\Users\user\.gradle\wrapper\dists\gradle-6.1.1-all\cfmwm155h49vnt3hynmlrsdst\gradle-6.1.1\lib\gradle-launcher-6.1.1.jar
Launcher Type: SUN_STANDARD

Environment Variables:
JAVA_HOME=C:\Program Files\Java\jdk-14.0.1
PATH=C:\Program Files (x86)\Common Files\Oracle\Java\javapath;C:\ProgramData\Oracle\Java\javapath;C:\WINDOWS\system32;C:\WINDOWS;C:\WINDOWS\System32\Wbem;C:\WINDOWS\System32\WindowsPowerShell\v1.0\;C:\Program Files\dotnet\;C:\Program Files\Microsoft SQL Server\130\Tools\Binn\;C:\Program Files\MATLAB\R2019a\bin;C:\Program Files\Java\jdk-14.0.1\bin;;C:\WINDOWS\System32\OpenSSH\;C:\Users\user\AppData\Local\Programs\Python\Python310\Scripts\;C:\Users\user\AppData\Local\Programs\Python\Python310\;C:\Users\user\AppData\Local\Microsoft\WindowsApps;
USERNAME=user
OS=Windows_NT
PROCESSOR_IDENTIFIER=Intel64 Family 6 Model 158 Stepping 9, GenuineIntel



---------------  S Y S T E M  ---------------

OS: Windows 10.0 , 64 bit Build 19041 (10.0.19041.928)

CPU:total 4 (initial active 4) (4 cores per cpu, 1 threads per core) family 6 model 158 stepping 9, cmov, cx8, fxsr, mmx, sse, sse2, sse3, ssse3, sse4.1, sse4.2, popcnt, avx, avx2, aes, clmul, erms, rtm, 3dnowpref, lzcnt, tsc, tscinvbit, bmi1, bmi2, adx

Memory: 4k page, physical 8269856k(1354468k free), swap 8269856k(5740k free)

vm_info: OpenJDK 64-Bit Server VM (25.242-b01) for windows-amd64 JRE (1.8.0_242-release-1644-b01), built by "builder" with MS VC++ 10.0 (VS2010)

time: Tue Sep 27 22:08:31 2022
timezone: 台北標準時間
elapsed time: 3782 seconds (0d 1h 3m 2s)

